2026-03-18 21:11:55 debug [www]: login => username:%s,password:%s
2026-03-18 21:11:55 debug [www]: admin
2026-03-18 21:11:55 debug [www]: undefined
2026-03-18 21:14:30 debug [www]: login => username:%s,password:%s
2026-03-18 21:14:30 debug [www]: admin
2026-03-18 21:14:30 debug [www]: undefined
2026-03-18 21:14:40 debug [www]: login => username:%s,password:%s
2026-03-18 21:14:40 debug [www]: admin
2026-03-18 21:14:40 debug [www]: undefined
2026-03-18 21:15:29 debug [www]: login => username:%s,password:%s
2026-03-18 21:15:29 debug [www]: admin
2026-03-18 21:15:30 debug [www]: undefined
2026-03-18 21:15:55 debug [www]: login => username:%s,password:%s
2026-03-18 21:15:55 debug [www]: admin
2026-03-18 21:15:55 debug [www]: undefined
2026-03-18 21:16:20 debug [www]: login => username:%s,password:%s
2026-03-18 21:16:20 debug [www]: admin
2026-03-18 21:16:20 debug [www]: undefined
2026-03-18 21:17:01 debug [www]: login => username:%s,password:%s
2026-03-18 21:17:01 debug [www]: admin
2026-03-18 21:17:01 debug [www]: undefined
2026-03-18 21:17:04 error [www]: GET /.well-known/appspecific/com.chrome.devtools.json Not Found
2026-03-18 21:17:10 debug [www]: login => username:%s,password:%s
2026-03-18 21:17:10 debug [www]: admin
2026-03-18 21:17:10 debug [www]: undefined
2026-03-18 21:17:26 debug [www]: login => username:%s,password:%s
2026-03-18 21:17:26 debug [www]: admin
2026-03-18 21:17:26 debug [www]: undefined
2026-03-18 21:17:52 error [www]: GET /.well-known/appspecific/com.chrome.devtools.json Not Found
2026-03-18 21:17:54 debug [www]: login => username:%s,password:%s
2026-03-18 21:17:54 debug [www]: admin
2026-03-18 21:17:54 debug [www]: undefined
2026-03-18 21:18:07 debug [www]: login => username:%s,password:%s
2026-03-18 21:18:07 debug [www]: admin
2026-03-18 21:18:07 debug [www]: undefined
2026-03-18 21:19:24 debug [www]: login => username:%s,password:%s
2026-03-18 21:19:24 debug [www]: admin
2026-03-18 21:19:24 debug [www]: undefined
2026-03-18 21:19:53 error [www]: GET /.well-known/appspecific/com.chrome.devtools.json Not Found
2026-03-18 21:19:58 debug [www]: login => username:%s,password:%s
2026-03-18 21:19:58 debug [www]: admin
2026-03-18 21:19:58 debug [www]: null
2026-03-19 00:12:02 debug [www]: login => username:%s,password:%s
2026-03-19 00:12:02 debug [www]: admin
2026-03-19 00:12:02 debug [www]: null
2026-03-19 00:12:53 error [www]: GET /.well-known/appspecific/com.chrome.devtools.json Not Found
2026-03-19 00:12:58 debug [www]: login => username:%s,password:%s
2026-03-19 00:12:58 debug [www]: admin
2026-03-19 00:12:58 debug [www]: null
