[2020-06-03T23:59:34.745] [DEBUG] cheese - login => username:zs,password:123456
[2020-06-03T23:59:34.747] [DEBUG] cheese - zs
[2020-06-03T23:59:34.758] [DEBUG] cheese - null
[2020-06-03T23:59:34.758] [DEBUG] cheese - null
[2020-06-04T00:00:14.861] [DEBUG] cheese - login => username:admin,password:123456
[2020-06-04T00:00:14.861] [DEBUG] cheese - admin
[2020-06-04T00:00:14.873] [DEBUG] cheese - null
[2020-06-04T00:00:14.873] [DEBUG] cheese - null
[2020-06-04T00:00:26.587] [DEBUG] cheese - login => username:admin,password:123456
[2020-06-04T00:00:26.587] [DEBUG] cheese - admin
[2020-06-04T00:00:26.591] [DEBUG] cheese - null
[2020-06-04T00:00:26.591] [DEBUG] cheese - null
[2020-06-04T19:42:13.843] [DEBUG] cheese - login => username:admin,password:123456
[2020-06-04T19:42:13.844] [DEBUG] cheese - admin
[2020-06-04T19:42:13.942] [DEBUG] cheese - null
[2020-06-04T19:42:13.942] [DEBUG] cheese - null
[2020-06-04T20:05:18.344] [DEBUG] cheese - login => username:admin,password:123456
[2020-06-04T20:05:18.345] [DEBUG] cheese - admin
[2020-06-04T20:05:18.354] [DEBUG] cheese - null
[2020-06-04T20:05:18.354] [DEBUG] cheese - null
[2020-06-06T14:19:47.656] [DEBUG] cheese - login => username:admin,password:123456
[2020-06-06T14:19:47.658] [DEBUG] cheese - admin
[2020-06-06T14:19:47.742] [DEBUG] cheese - null
[2020-06-06T14:19:47.742] [DEBUG] cheese - null
[2020-06-06T14:21:20.648] [DEBUG] cheese - login => username:123123,password:123123
[2020-06-06T14:21:20.648] [DEBUG] cheese - 123123
[2020-06-06T14:21:20.651] [DEBUG] cheese - null
[2020-06-06T14:21:20.651] [DEBUG] cheese - null
[2020-06-06T14:21:22.565] [DEBUG] cheese - login => username:123123,password:123123
[2020-06-06T14:21:22.565] [DEBUG] cheese - 123123
[2020-06-06T14:21:22.568] [DEBUG] cheese - null
[2020-06-06T14:21:22.568] [DEBUG] cheese - null
[2020-06-06T14:22:45.362] [DEBUG] cheese - login => username:123123,password:123123
[2020-06-06T14:22:45.362] [DEBUG] cheese - 123123
[2020-06-06T14:22:45.365] [DEBUG] cheese - null
[2020-06-06T14:22:45.365] [DEBUG] cheese - null
[2020-06-06T14:23:41.755] [DEBUG] cheese - login => username:123123,password:123123
[2020-06-06T14:23:41.756] [DEBUG] cheese - 123123
[2020-06-06T14:23:41.758] [DEBUG] cheese - null
[2020-06-06T14:23:41.758] [DEBUG] cheese - null
[2020-06-06T14:25:08.540] [DEBUG] cheese - login => username:123123,password:123123
[2020-06-06T14:25:08.540] [DEBUG] cheese - 123123
[2020-06-06T14:25:08.545] [DEBUG] cheese - null
[2020-06-06T14:25:08.545] [DEBUG] cheese - null
[2020-06-06T14:27:35.183] [DEBUG] cheese - login => username:123123,password:123123
[2020-06-06T14:27:35.184] [DEBUG] cheese - 123123
[2020-06-06T14:27:35.188] [DEBUG] cheese - null
[2020-06-06T14:27:35.188] [DEBUG] cheese - null
[2020-06-06T14:27:55.793] [DEBUG] cheese - login => username:admin,password:123456
[2020-06-06T14:27:55.793] [DEBUG] cheese - admin
[2020-06-06T14:27:55.798] [DEBUG] cheese - null
[2020-06-06T14:27:55.799] [DEBUG] cheese - null
[2020-06-06T14:28:48.940] [DEBUG] cheese - login => username:123123,password:123123
[2020-06-06T14:28:48.941] [DEBUG] cheese - 123123
[2020-06-06T14:28:48.943] [DEBUG] cheese - null
[2020-06-06T14:28:48.943] [DEBUG] cheese - null
[2020-06-06T14:28:54.209] [DEBUG] cheese - login => username:admin,password:123456
[2020-06-06T14:28:54.209] [DEBUG] cheese - admin
[2020-06-06T14:28:54.212] [DEBUG] cheese - null
[2020-06-06T14:28:54.212] [DEBUG] cheese - null
[2020-06-06T14:35:47.612] [DEBUG] cheese - login => username:123,password:123123
[2020-06-06T14:35:47.612] [DEBUG] cheese - 123
[2020-06-06T14:35:47.614] [DEBUG] cheese - null
[2020-06-06T14:35:47.614] [DEBUG] cheese - null
[2020-06-06T14:38:35.123] [DEBUG] cheese - login => username:123123,password:123123
[2020-06-06T14:38:35.123] [DEBUG] cheese - 123123
[2020-06-06T14:38:35.126] [DEBUG] cheese - null
[2020-06-06T14:38:35.126] [DEBUG] cheese - null
[2020-06-06T14:38:53.384] [DEBUG] cheese - login => username:123123,password:123123
[2020-06-06T14:38:53.384] [DEBUG] cheese - 123123
[2020-06-06T14:38:53.391] [DEBUG] cheese - null
[2020-06-06T14:38:53.391] [DEBUG] cheese - null
[2020-06-06T14:40:42.984] [DEBUG] cheese - login => username:admin,password:123456
[2020-06-06T14:40:42.984] [DEBUG] cheese - admin
[2020-06-06T14:40:42.987] [DEBUG] cheese - null
[2020-06-06T14:40:42.987] [DEBUG] cheese - null
[2020-06-06T14:41:26.309] [DEBUG] cheese - login => username:123123,password:123123
[2020-06-06T14:41:26.309] [DEBUG] cheese - 123123
[2020-06-06T14:41:26.314] [DEBUG] cheese - null
[2020-06-06T14:41:26.314] [DEBUG] cheese - null
[2020-06-06T14:42:45.783] [DEBUG] cheese - login => username:admin,password:123456
[2020-06-06T14:42:45.783] [DEBUG] cheese - admin
[2020-06-06T14:42:45.785] [DEBUG] cheese - null
[2020-06-06T14:42:45.785] [DEBUG] cheese - null
[2020-06-06T14:54:05.406] [DEBUG] cheese - login => username:admin,password:123456
[2020-06-06T14:54:05.406] [DEBUG] cheese - admin
[2020-06-06T14:54:05.408] [DEBUG] cheese - null
[2020-06-06T14:54:05.408] [DEBUG] cheese - null
[2020-06-06T14:56:10.451] [DEBUG] cheese - login => username:admin,password:123456
[2020-06-06T14:56:10.451] [DEBUG] cheese - admin
[2020-06-06T14:56:10.455] [DEBUG] cheese - null
[2020-06-06T14:56:10.455] [DEBUG] cheese - null
[2020-06-06T14:56:52.531] [DEBUG] cheese - login => username:admin,password:123456
[2020-06-06T14:56:52.531] [DEBUG] cheese - admin
[2020-06-06T14:56:52.533] [DEBUG] cheese - null
[2020-06-06T14:56:52.533] [DEBUG] cheese - null
[2020-06-06T14:57:27.116] [DEBUG] cheese - login => username:admin,password:123456
[2020-06-06T14:57:27.116] [DEBUG] cheese - admin
[2020-06-06T14:57:27.121] [DEBUG] cheese - null
[2020-06-06T14:57:27.121] [DEBUG] cheese - null
[2020-06-06T14:57:34.191] [DEBUG] cheese - login => username:admin,password:123456
[2020-06-06T14:57:34.191] [DEBUG] cheese - admin
[2020-06-06T14:57:34.193] [DEBUG] cheese - null
[2020-06-06T14:57:34.193] [DEBUG] cheese - null
[2020-06-06T14:57:56.140] [DEBUG] cheese - login => username:admin,password:123456
[2020-06-06T14:57:56.140] [DEBUG] cheese - admin
[2020-06-06T14:57:56.142] [DEBUG] cheese - null
[2020-06-06T14:57:56.142] [DEBUG] cheese - null
[2020-06-06T15:00:35.420] [DEBUG] cheese - login => username:admin,password:123456
[2020-06-06T15:00:35.420] [DEBUG] cheese - admin
[2020-06-06T15:00:35.423] [DEBUG] cheese - null
[2020-06-06T15:00:35.423] [DEBUG] cheese - null
[2020-06-06T15:11:43.154] [DEBUG] cheese - login => username:admin,password:123456
[2020-06-06T15:11:43.154] [DEBUG] cheese - admin
[2020-06-06T15:11:43.158] [DEBUG] cheese - null
[2020-06-06T15:11:43.159] [DEBUG] cheese - null
[2020-06-06T15:11:47.145] [DEBUG] cheese - login => username:admin,password:123456
[2020-06-06T15:11:47.145] [DEBUG] cheese - admin
[2020-06-06T15:11:47.146] [DEBUG] cheese - null
[2020-06-06T15:11:47.146] [DEBUG] cheese - null
[2020-06-06T15:12:08.647] [DEBUG] cheese - login => username:admin,password:123456
[2020-06-06T15:12:08.647] [DEBUG] cheese - admin
[2020-06-06T15:12:08.649] [DEBUG] cheese - null
[2020-06-06T15:12:08.649] [DEBUG] cheese - null
[2020-06-06T15:12:16.641] [DEBUG] cheese - login => username:admin,password:123456
[2020-06-06T15:12:16.641] [DEBUG] cheese - admin
[2020-06-06T15:12:16.643] [DEBUG] cheese - null
[2020-06-06T15:12:16.643] [DEBUG] cheese - null
[2020-06-06T15:13:25.312] [DEBUG] cheese - login => username:admin,password:123456
[2020-06-06T15:13:25.312] [DEBUG] cheese - admin
[2020-06-06T15:13:25.314] [DEBUG] cheese - null
[2020-06-06T15:13:25.314] [DEBUG] cheese - null
[2020-06-06T15:14:54.433] [DEBUG] cheese - login => username:admin,password:123456
[2020-06-06T15:14:54.433] [DEBUG] cheese - admin
[2020-06-06T15:14:54.436] [DEBUG] cheese - null
[2020-06-06T15:14:54.436] [DEBUG] cheese - null
[2020-06-06T15:29:52.104] [DEBUG] cheese - login => username:admin,password:123456
[2020-06-06T15:29:52.104] [DEBUG] cheese - admin
[2020-06-06T15:29:52.112] [DEBUG] cheese - null
[2020-06-06T15:29:52.112] [DEBUG] cheese - null
[2020-06-06T15:30:18.096] [DEBUG] cheese - login => username:admin,password:123456
[2020-06-06T15:30:18.096] [DEBUG] cheese - admin
[2020-06-06T15:30:18.099] [DEBUG] cheese - null
[2020-06-06T15:30:18.099] [DEBUG] cheese - null
[2020-06-06T16:45:39.161] [DEBUG] cheese - login => username:admin,password:123456
[2020-06-06T16:45:39.162] [DEBUG] cheese - admin
[2020-06-06T16:45:39.171] [DEBUG] cheese - null
[2020-06-06T16:45:39.171] [DEBUG] cheese - null
[2020-06-06T16:53:28.072] [DEBUG] cheese - login => username:admin,password:123456
[2020-06-06T16:53:28.072] [DEBUG] cheese - admin
[2020-06-06T16:53:28.080] [DEBUG] cheese - null
[2020-06-06T16:53:28.080] [DEBUG] cheese - null
[2020-06-06T17:29:47.145] [DEBUG] cheese - login => username:admin,password:123456
[2020-06-06T17:29:47.145] [DEBUG] cheese - admin
[2020-06-06T17:29:47.149] [DEBUG] cheese - null
[2020-06-06T17:29:47.149] [DEBUG] cheese - null
[2020-06-06T17:33:14.751] [DEBUG] cheese - login => username:admin,password:123456
[2020-06-06T17:33:14.751] [DEBUG] cheese - admin
[2020-06-06T17:33:14.757] [DEBUG] cheese - null
[2020-06-06T17:33:14.757] [DEBUG] cheese - null
[2020-06-06T18:39:41.590] [DEBUG] cheese - login => username:admin,password:123456
[2020-06-06T18:39:41.591] [DEBUG] cheese - admin
[2020-06-06T18:39:41.597] [DEBUG] cheese - null
[2020-06-06T18:39:41.598] [DEBUG] cheese - null
[2020-06-06T18:39:54.676] [DEBUG] cheese - login => username:admin,password:123456
[2020-06-06T18:39:54.676] [DEBUG] cheese - admin
[2020-06-06T18:39:54.679] [DEBUG] cheese - null
[2020-06-06T18:39:54.679] [DEBUG] cheese - null
[2020-06-06T18:40:40.270] [DEBUG] cheese - login => username:admin,password:123456
[2020-06-06T18:40:40.270] [DEBUG] cheese - admin
[2020-06-06T18:40:40.272] [DEBUG] cheese - null
[2020-06-06T18:40:40.272] [DEBUG] cheese - null
[2020-06-06T18:55:47.692] [DEBUG] cheese - login => username:admin,password:123456
[2020-06-06T18:55:47.692] [DEBUG] cheese - admin
[2020-06-06T18:55:47.695] [DEBUG] cheese - null
[2020-06-06T18:55:47.695] [DEBUG] cheese - null
[2020-06-06T18:56:22.922] [DEBUG] cheese - login => username:admin,password:123456
[2020-06-06T18:56:22.922] [DEBUG] cheese - admin
[2020-06-06T18:56:22.924] [DEBUG] cheese - null
[2020-06-06T18:56:22.924] [DEBUG] cheese - null
[2020-06-06T18:56:32.870] [DEBUG] cheese - login => username:admin,password:123456
[2020-06-06T18:56:32.870] [DEBUG] cheese - admin
[2020-06-06T18:56:32.876] [DEBUG] cheese - null
[2020-06-06T18:56:32.876] [DEBUG] cheese - null
[2020-06-06T19:15:37.817] [DEBUG] cheese - login => username:admin,password:123456
[2020-06-06T19:15:37.817] [DEBUG] cheese - admin
[2020-06-06T19:15:37.819] [DEBUG] cheese - null
[2020-06-06T19:15:37.819] [DEBUG] cheese - null
[2020-06-06T19:20:21.582] [DEBUG] cheese - login => username:admin,password:123456
[2020-06-06T19:20:21.582] [DEBUG] cheese - admin
[2020-06-06T19:20:21.585] [DEBUG] cheese - null
[2020-06-06T19:20:21.585] [DEBUG] cheese - null
[2020-06-06T21:56:23.612] [DEBUG] cheese - login => username:admin,password:123456
[2020-06-06T21:56:23.613] [DEBUG] cheese - admin
[2020-06-06T21:56:23.624] [DEBUG] cheese - null
[2020-06-06T21:56:23.624] [DEBUG] cheese - null
[2020-06-06T22:07:03.887] [DEBUG] cheese - login => username:admin,password:123456
[2020-06-06T22:07:03.887] [DEBUG] cheese - admin
[2020-06-06T22:07:03.893] [DEBUG] cheese - null
[2020-06-06T22:07:03.893] [DEBUG] cheese - null
[2020-06-07T11:17:36.151] [DEBUG] cheese - login => username:admin,password:123456
[2020-06-07T11:17:36.153] [DEBUG] cheese - admin
[2020-06-07T11:17:36.156] [DEBUG] cheese - null
[2020-06-07T11:17:36.156] [DEBUG] cheese - null
[2020-06-07T17:13:27.745] [DEBUG] cheese - null
[2020-06-07T17:13:29.561] [DEBUG] cheese - null
[2020-06-07T17:14:28.899] [DEBUG] cheese - null
[2020-06-07T17:14:54.277] [DEBUG] cheese - null
[2020-06-07T17:18:36.518] [DEBUG] cheese - null
[2020-06-07T17:18:45.763] [DEBUG] cheese - null
[2020-06-07T17:21:44.715] [DEBUG] cheese - null
[2020-06-07T17:22:05.383] [DEBUG] cheese - null
[2020-06-07T17:26:07.231] [DEBUG] cheese - null
[2020-06-07T17:28:30.171] [DEBUG] cheese - null
[2020-06-07T17:28:34.990] [DEBUG] cheese - null
[2020-06-08T22:02:57.623] [DEBUG] cheese - login => username:admin,password:123456
[2020-06-08T22:02:57.624] [DEBUG] cheese - admin
[2020-06-08T22:02:57.682] [DEBUG] cheese - null
[2020-06-08T22:02:57.682] [DEBUG] cheese - null
[2020-06-09T19:40:13.310] [DEBUG] cheese - login => username:admin,password:123456
[2020-06-09T19:40:13.311] [DEBUG] cheese - admin
[2020-06-09T19:40:13.454] [DEBUG] cheese - null
[2020-06-09T19:40:13.454] [DEBUG] cheese - null
[2020-06-09T20:36:28.956] [DEBUG] cheese - login => username:admin,password:123456
[2020-06-09T20:36:28.957] [DEBUG] cheese - admin
[2020-06-09T20:36:28.961] [DEBUG] cheese - null
[2020-06-09T20:36:28.962] [DEBUG] cheese - null
[2020-06-09T20:37:08.569] [DEBUG] cheese - login => username:admin,password:123456
[2020-06-09T20:37:08.569] [DEBUG] cheese - admin
[2020-06-09T20:37:08.571] [DEBUG] cheese - null
[2020-06-09T20:37:08.571] [DEBUG] cheese - null
[2020-06-09T20:39:08.497] [DEBUG] cheese - login => username:admin,password:123456
[2020-06-09T20:39:08.497] [DEBUG] cheese - admin
[2020-06-09T20:39:08.500] [DEBUG] cheese - null
[2020-06-09T20:39:08.500] [DEBUG] cheese - null
[2020-06-09T20:40:20.868] [DEBUG] cheese - login => username:admin,password:123456
[2020-06-09T20:40:20.868] [DEBUG] cheese - admin
[2020-06-09T20:40:20.870] [DEBUG] cheese - null
[2020-06-09T20:40:20.870] [DEBUG] cheese - null
[2020-06-11T21:16:56.653] [DEBUG] cheese - login => username:admin,password:123456
[2020-06-11T21:16:56.654] [DEBUG] cheese - admin
[2020-06-11T21:16:56.776] [DEBUG] cheese - null
[2020-06-11T21:16:56.776] [DEBUG] cheese - null
[2020-06-12T00:06:38.215] [DEBUG] cheese - login => username:admin,password:123456
[2020-06-12T00:06:38.216] [DEBUG] cheese - admin
[2020-06-12T00:06:38.220] [DEBUG] cheese - null
[2020-06-12T00:06:38.220] [DEBUG] cheese - null
[2020-06-12T19:20:42.161] [DEBUG] cheese - login => username:admin,password:123456
[2020-06-12T19:20:42.162] [DEBUG] cheese - admin
[2020-06-12T19:20:42.291] [DEBUG] cheese - null
[2020-06-12T19:20:42.291] [DEBUG] cheese - null
[2020-06-12T19:21:49.374] [DEBUG] cheese - login => username:admin,password:123456
[2020-06-12T19:21:49.374] [DEBUG] cheese - admin
[2020-06-12T19:21:49.377] [DEBUG] cheese - null
[2020-06-12T19:21:49.377] [DEBUG] cheese - null
[2020-06-12T19:23:25.487] [DEBUG] cheese - login => username:admin,password:123456
[2020-06-12T19:23:25.487] [DEBUG] cheese - admin
[2020-06-12T19:23:25.491] [DEBUG] cheese - null
[2020-06-12T19:23:25.491] [DEBUG] cheese - null
[2020-06-12T23:25:16.094] [DEBUG] cheese - login => username:admin,password:123456
[2020-06-12T23:25:16.094] [DEBUG] cheese - admin
[2020-06-12T23:25:16.099] [DEBUG] cheese - null
[2020-06-12T23:25:16.099] [DEBUG] cheese - null
[2020-06-12T23:26:01.691] [DEBUG] cheese - login => username:admin,password:123456
[2020-06-12T23:26:01.691] [DEBUG] cheese - admin
[2020-06-12T23:26:01.696] [DEBUG] cheese - null
[2020-06-12T23:26:01.696] [DEBUG] cheese - null
[2020-06-12T23:50:17.910] [DEBUG] cheese - login => username:admin,password:123456
[2020-06-12T23:50:17.910] [DEBUG] cheese - admin
[2020-06-12T23:50:17.915] [DEBUG] cheese - null
[2020-06-12T23:50:17.915] [DEBUG] cheese - null
[2020-06-12T23:55:00.648] [DEBUG] cheese - login => username:admin,password:123456
[2020-06-12T23:55:00.648] [DEBUG] cheese - admin
[2020-06-12T23:55:00.651] [DEBUG] cheese - null
[2020-06-12T23:55:00.651] [DEBUG] cheese - null
[2020-06-13T10:07:46.745] [DEBUG] cheese - login => username:admin,password:123456
[2020-06-13T10:07:46.746] [DEBUG] cheese - admin
[2020-06-13T10:07:46.907] [DEBUG] cheese - null
[2020-06-13T10:07:46.907] [DEBUG] cheese - null
[2020-06-13T10:25:45.249] [DEBUG] cheese - login => username:admin,password:123456
[2020-06-13T10:25:45.249] [DEBUG] cheese - admin
[2020-06-13T10:25:45.252] [DEBUG] cheese - null
[2020-06-13T10:25:45.252] [DEBUG] cheese - null
[2020-06-13T10:27:59.596] [DEBUG] cheese - login => username:admin,password:123456
[2020-06-13T10:27:59.596] [DEBUG] cheese - admin
[2020-06-13T10:27:59.602] [DEBUG] cheese - null
[2020-06-13T10:27:59.602] [DEBUG] cheese - null
[2020-06-13T11:33:09.074] [DEBUG] cheese - login => username:admin,password:123456
[2020-06-13T11:33:09.076] [DEBUG] cheese - admin
[2020-06-13T11:33:09.094] [DEBUG] cheese - null
[2020-06-13T11:33:09.094] [DEBUG] cheese - null
[2020-06-14T09:26:17.711] [DEBUG] cheese - login => username:admin,password:123456
[2020-06-14T09:26:17.712] [DEBUG] cheese - admin
[2020-06-14T09:26:17.851] [DEBUG] cheese - null
[2020-06-14T09:26:17.851] [DEBUG] cheese - null
[2020-06-14T09:28:25.655] [DEBUG] cheese - login => username:hsp321,password:hsp321
[2020-06-14T09:28:25.655] [DEBUG] cheese - hsp321
[2020-06-14T09:28:25.658] [DEBUG] cheese - null
[2020-06-14T09:28:25.658] [DEBUG] cheese - null
[2020-06-14T09:28:31.794] [DEBUG] cheese - login => username:hsp321,password:hsp321
[2020-06-14T09:28:31.795] [DEBUG] cheese - hsp321
[2020-06-14T09:28:31.799] [DEBUG] cheese - null
[2020-06-14T09:28:31.799] [DEBUG] cheese - null
[2020-06-14T09:28:34.731] [DEBUG] cheese - login => username:admin,password:123456
[2020-06-14T09:28:34.731] [DEBUG] cheese - admin
[2020-06-14T09:28:34.734] [DEBUG] cheese - null
[2020-06-14T09:28:34.734] [DEBUG] cheese - null
[2020-08-26T17:06:49.424] [DEBUG] cheese - login => username:admin,password:123456
[2020-08-26T17:06:49.425] [DEBUG] cheese - admin
[2020-08-26T17:06:49.442] [DEBUG] cheese - null
[2020-08-26T17:06:49.442] [DEBUG] cheese - null
[2020-08-31T13:28:31.063] [DEBUG] cheese - login => username:admin,password:123456
[2020-08-31T13:28:31.064] [DEBUG] cheese - admin
[2020-08-31T13:28:31.119] [DEBUG] cheese - null
[2020-08-31T13:28:31.120] [DEBUG] cheese - null
[2020-08-31T17:33:38.142] [DEBUG] cheese - login => username:admin,password:123456
[2020-08-31T17:33:38.143] [DEBUG] cheese - admin
[2020-08-31T17:33:38.205] [DEBUG] cheese - null
[2020-08-31T17:33:38.206] [DEBUG] cheese - null
[2020-08-31T17:33:53.607] [DEBUG] cheese - login => username:admin,password:123456
[2020-08-31T17:33:53.607] [DEBUG] cheese - admin
[2020-08-31T17:33:53.610] [DEBUG] cheese - null
[2020-08-31T17:33:53.611] [DEBUG] cheese - null
[2020-08-31T17:40:33.443] [DEBUG] cheese - login => username:admin,password:123456
[2020-08-31T17:40:33.444] [DEBUG] cheese - admin
[2020-08-31T17:40:33.452] [DEBUG] cheese - null
[2020-08-31T17:40:33.452] [DEBUG] cheese - null
[2020-08-31T17:50:14.056] [DEBUG] cheese - login => username:admin,password:123456
[2020-08-31T17:50:14.056] [DEBUG] cheese - admin
[2020-08-31T17:50:14.058] [DEBUG] cheese - null
[2020-08-31T17:50:14.058] [DEBUG] cheese - null
[2020-08-31T17:50:23.746] [DEBUG] cheese - login => username:admin,password:123456
[2020-08-31T17:50:23.746] [DEBUG] cheese - admin
[2020-08-31T17:50:23.748] [DEBUG] cheese - null
[2020-08-31T17:50:23.748] [DEBUG] cheese - null
[2020-08-31T17:50:31.574] [DEBUG] cheese - login => username:admin,password:123456
[2020-08-31T17:50:31.575] [DEBUG] cheese - admin
[2020-08-31T17:50:31.576] [DEBUG] cheese - null
[2020-08-31T17:50:31.576] [DEBUG] cheese - null
[2020-08-31T17:55:46.418] [DEBUG] cheese - login => username:admin,password:123456
[2020-08-31T17:55:46.418] [DEBUG] cheese - admin
[2020-08-31T17:55:46.420] [DEBUG] cheese - null
[2020-08-31T17:55:46.420] [DEBUG] cheese - null
[2020-09-01T11:23:31.424] [DEBUG] cheese - login => username:admin,password:123456
[2020-09-01T11:23:31.426] [DEBUG] cheese - admin
[2020-09-01T11:23:31.441] [DEBUG] cheese - null
[2020-09-01T11:23:31.441] [DEBUG] cheese - null
[2020-09-02T10:36:33.311] [DEBUG] cheese - login => username:admin,password:123456
[2020-09-02T10:36:33.312] [DEBUG] cheese - admin
[2020-09-02T10:36:33.380] [DEBUG] cheese - null
[2020-09-02T10:36:33.380] [DEBUG] cheese - null
[2020-09-02T11:42:03.988] [DEBUG] cheese - login => username:admin,password:123456
[2020-09-02T11:42:03.989] [DEBUG] cheese - admin
[2020-09-02T11:42:03.994] [DEBUG] cheese - null
[2020-09-02T11:42:03.994] [DEBUG] cheese - null
[2020-09-02T13:19:23.416] [DEBUG] cheese - login => username:admin,password:123456
[2020-09-02T13:19:23.417] [DEBUG] cheese - admin
[2020-09-02T13:19:23.425] [DEBUG] cheese - null
[2020-09-02T13:19:23.425] [DEBUG] cheese - null
[2020-09-03T10:27:09.990] [DEBUG] cheese - login => username:admin,password:123456
[2020-09-03T10:27:09.991] [DEBUG] cheese - admin
[2020-09-03T10:27:10.047] [DEBUG] cheese - null
[2020-09-03T10:27:10.048] [DEBUG] cheese - null
[2020-09-04T10:09:04.133] [DEBUG] cheese - login => username:admin,password:123456
[2020-09-04T10:09:04.134] [DEBUG] cheese - admin
[2020-09-04T10:09:04.199] [DEBUG] cheese - null
[2020-09-04T10:09:04.200] [DEBUG] cheese - null
[2020-09-04T10:12:57.844] [DEBUG] cheese - login => username:admin,password:123456
[2020-09-04T10:12:57.845] [DEBUG] cheese - admin
[2020-09-04T10:12:57.848] [DEBUG] cheese - null
[2020-09-04T10:12:57.848] [DEBUG] cheese - null
[2020-09-04T10:13:11.020] [DEBUG] cheese - null
[2020-09-09T13:41:10.295] [DEBUG] cheese - login => username:admin,password:123456
[2020-09-09T13:41:10.297] [DEBUG] cheese - admin
[2020-09-09T13:41:10.369] [DEBUG] cheese - null
[2020-09-09T13:41:10.370] [DEBUG] cheese - null
[2020-09-09T14:09:38.811] [DEBUG] cheese - login => username:admin,password:123456
[2020-09-09T14:09:38.812] [DEBUG] cheese - admin
[2020-09-09T14:09:38.813] [DEBUG] cheese - null
[2020-09-09T14:09:38.813] [DEBUG] cheese - null
[2021-07-31T19:33:14.792] [DEBUG] cheese - login => username:admin,password:123456
[2021-07-31T19:33:14.794] [DEBUG] cheese - admin
[2021-07-31T19:33:14.835] [DEBUG] cheese - null
[2021-07-31T19:33:14.835] [DEBUG] cheese - null
[2021-08-08T11:31:32.568] [DEBUG] cheese - login => username:admin,password:123456
[2021-08-08T11:31:32.569] [DEBUG] cheese - admin
[2021-08-08T11:31:32.594] [DEBUG] cheese - null
[2021-08-08T11:31:32.594] [DEBUG] cheese - null
[2021-08-08T11:40:12.889] [DEBUG] cheese - login => username:admin,password:123456
[2021-08-08T11:40:12.891] [DEBUG] cheese - admin
[2021-08-08T11:40:22.963] [DEBUG] cheese - null
[2021-08-08T11:40:22.963] [DEBUG] cheese - null
[2021-08-08T13:03:05.640] [DEBUG] cheese - login => username:admin,password:123456
[2021-08-08T13:03:05.642] [DEBUG] cheese - admin
[2021-08-08T13:03:05.669] [DEBUG] cheese - null
[2021-08-08T13:03:05.670] [DEBUG] cheese - null
[2021-09-04T12:41:12.772] [DEBUG] cheese - login => username:admin,password:123456
[2021-09-04T12:41:12.773] [DEBUG] cheese - admin
[2021-09-04T12:41:12.799] [DEBUG] cheese - null
[2021-09-04T12:41:12.800] [DEBUG] cheese - null
[2021-09-20T18:31:02.582] [DEBUG] cheese - login => username:admin,password:123456
[2021-09-20T18:31:02.583] [DEBUG] cheese - admin
[2021-09-20T18:31:02.618] [DEBUG] cheese - null
[2021-09-20T18:31:02.618] [DEBUG] cheese - null
[2021-09-20T18:49:53.407] [DEBUG] cheese - login => username:admin,password:123456
[2021-09-20T18:49:53.407] [DEBUG] cheese - admin
[2021-09-20T18:49:53.432] [DEBUG] cheese - null
[2021-09-20T18:49:53.432] [DEBUG] cheese - null
[2021-09-20T18:50:12.870] [DEBUG] cheese - login => username:admin,password:123456
[2021-09-20T18:50:12.871] [DEBUG] cheese - admin
[2021-09-20T18:50:12.899] [DEBUG] cheese - null
[2021-09-20T18:50:12.899] [DEBUG] cheese - null
[2021-09-21T09:14:42.408] [DEBUG] cheese - login => username:admin,password:123456
[2021-09-21T09:14:42.427] [DEBUG] cheese - admin
[2021-09-21T09:14:42.459] [DEBUG] cheese - null
[2021-09-21T09:14:42.460] [DEBUG] cheese - null
[2021-09-21T09:16:46.606] [DEBUG] cheese - login => username:admin,password:123456
[2021-09-21T09:16:46.607] [DEBUG] cheese - admin
[2021-09-21T09:16:46.631] [DEBUG] cheese - null
[2021-09-21T09:16:46.631] [DEBUG] cheese - null
[2021-09-21T09:19:07.408] [DEBUG] cheese - login => username:admin,password:123456
[2021-09-21T09:19:07.409] [DEBUG] cheese - admin
[2021-09-21T09:19:07.433] [DEBUG] cheese - null
[2021-09-21T09:19:07.434] [DEBUG] cheese - null
<<<<<<< HEAD
[2023-06-17T17:50:42.676] [DEBUG] cheese - login => username:admin,password:123456
[2023-06-17T17:50:42.678] [DEBUG] cheese - admin
[2023-06-17T17:50:42.704] [DEBUG] cheese - null
[2023-06-17T17:50:42.705] [DEBUG] cheese - null
[2023-06-17T18:15:22.265] [DEBUG] cheese - login => username:admin,password:123456
[2023-06-17T18:15:22.265] [DEBUG] cheese - admin
[2023-06-17T18:15:22.269] [DEBUG] cheese - null
[2023-06-17T18:15:22.269] [DEBUG] cheese - null
=======
[2023-06-20T10:30:52.850] [DEBUG] cheese - login => username:admin,password:123456
[2023-06-20T10:30:52.852] [DEBUG] cheese - admin
[2023-06-20T10:30:52.939] [DEBUG] cheese - null
[2023-06-20T10:30:52.939] [DEBUG] cheese - null
[2023-06-20T10:35:50.430] [DEBUG] cheese - login => username:admin,password:123456
[2023-06-20T10:35:50.431] [DEBUG] cheese - admin
[2023-06-20T10:35:50.434] [DEBUG] cheese - null
[2023-06-20T10:35:50.434] [DEBUG] cheese - null
>>>>>>> 26512bbeaffc0bc2f717cf1d532e2a2e5c48ca0c
[2023-06-23T14:42:30.677] [DEBUG] cheese - login => username:admin,password:123456
[2023-06-23T14:42:30.679] [DEBUG] cheese - admin
[2023-06-23T14:42:30.750] [DEBUG] cheese - null
[2023-06-23T14:42:30.751] [DEBUG] cheese - null
[2023-06-28T16:37:08.274] [DEBUG] cheese - login => username:admin,password:123456
[2023-06-28T16:37:08.275] [DEBUG] cheese - admin
[2023-06-28T16:37:08.282] [DEBUG] cheese - null
[2023-06-28T16:37:08.282] [DEBUG] cheese - null
[2023-06-28T17:14:22.890] [DEBUG] cheese - login => username:admin,password:123456
[2023-06-28T17:14:22.891] [DEBUG] cheese - admin
[2023-06-28T17:14:22.895] [DEBUG] cheese - null
[2023-06-28T17:14:22.895] [DEBUG] cheese - null
[2023-06-29T10:35:23.223] [DEBUG] cheese - login => username:admin,password:123456
[2023-06-29T10:35:23.224] [DEBUG] cheese - admin
[2023-06-29T10:35:23.232] [DEBUG] cheese - null
[2023-06-29T10:35:23.232] [DEBUG] cheese - null
[2023-06-30T10:13:56.349] [DEBUG] cheese - login => username:admin,password:123456
[2023-06-30T10:13:56.351] [DEBUG] cheese - admin
[2023-06-30T10:13:56.361] [DEBUG] cheese - null
[2023-06-30T10:13:56.361] [DEBUG] cheese - null
[2023-06-30T15:26:47.301] [DEBUG] cheese - login => username:admin,password:123456
[2023-06-30T15:26:47.302] [DEBUG] cheese - admin
[2023-06-30T15:26:47.308] [DEBUG] cheese - null
[2023-06-30T15:26:47.308] [DEBUG] cheese - null
[2023-07-01T18:40:52.600] [DEBUG] cheese - login => username:admin,password:123456
[2023-07-01T18:40:52.602] [DEBUG] cheese - admin
[2023-07-01T18:40:52.614] [DEBUG] cheese - null
[2023-07-01T18:40:52.614] [DEBUG] cheese - null
[2023-07-03T10:24:40.210] [DEBUG] cheese - login => username:admin,password:123456
[2023-07-03T10:24:40.211] [DEBUG] cheese - admin
[2023-07-03T10:24:40.220] [DEBUG] cheese - null
[2023-07-03T10:24:40.220] [DEBUG] cheese - null
[2023-07-03T10:25:34.098] [DEBUG] cheese - null
[2023-07-03T13:59:28.052] [DEBUG] cheese - login => username:admin,password:123456
[2023-07-03T13:59:28.053] [DEBUG] cheese - admin
[2023-07-03T13:59:28.060] [DEBUG] cheese - null
[2023-07-03T13:59:28.061] [DEBUG] cheese - null
[2023-07-03T13:59:50.953] [DEBUG] cheese - null
[2023-07-03T14:00:43.296] [DEBUG] cheese - null
[2023-07-03T14:05:45.669] [DEBUG] cheese - null
[2023-07-03T16:12:01.759] [DEBUG] cheese - login => username:admin,password:123456
[2023-07-03T16:12:01.759] [DEBUG] cheese - admin
[2023-07-03T16:12:01.766] [DEBUG] cheese - null
[2023-07-03T16:12:01.767] [DEBUG] cheese - null
[2023-07-03T16:43:59.364] [DEBUG] cheese - null
[2023-07-03T17:02:15.074] [DEBUG] cheese - null
[2023-07-03T17:37:11.814] [DEBUG] cheese - login => username:admin,password:123456
[2023-07-03T17:37:11.815] [DEBUG] cheese - admin
[2023-07-03T17:37:11.823] [DEBUG] cheese - null
[2023-07-03T17:37:11.824] [DEBUG] cheese - null
[2023-07-03T18:01:13.218] [DEBUG] cheese - null
[2023-07-04T10:20:58.094] [DEBUG] cheese - login => username:admin,password:123456
[2023-07-04T10:20:58.096] [DEBUG] cheese - admin
[2023-07-04T10:20:58.104] [DEBUG] cheese - null
[2023-07-04T10:20:58.105] [DEBUG] cheese - null
[2023-07-04T11:08:44.595] [DEBUG] cheese - null
[2023-07-04T11:14:14.420] [DEBUG] cheese - login => username:admin,password:123456
[2023-07-04T11:14:14.420] [DEBUG] cheese - admin
[2023-07-04T11:14:14.422] [DEBUG] cheese - null
[2023-07-04T11:14:14.422] [DEBUG] cheese - null
[2023-07-04T12:00:24.699] [DEBUG] cheese - null
[2023-07-04T13:54:39.793] [DEBUG] cheese - login => username:admin,password:123456
[2023-07-04T13:54:39.795] [DEBUG] cheese - admin
[2023-07-04T13:54:39.803] [DEBUG] cheese - null
[2023-07-04T13:54:39.804] [DEBUG] cheese - null
[2023-07-04T13:54:55.778] [DEBUG] cheese - null
[2023-07-04T14:02:15.084] [DEBUG] cheese - null
[2023-07-20T15:21:09.621] [DEBUG] cheese - login => username:admin,password:123456
[2023-07-20T15:21:09.623] [DEBUG] cheese - admin
[2023-07-20T15:21:09.635] [DEBUG] cheese - null
[2023-07-20T15:21:09.636] [DEBUG] cheese - null
[2023-07-25T09:55:06.893] [DEBUG] cheese - login => username:admin,password:123456
[2023-07-25T09:55:06.894] [DEBUG] cheese - admin
[2023-07-25T09:55:06.917] [DEBUG] cheese - null
[2023-07-25T09:55:06.917] [DEBUG] cheese - null
