Arguments: 
  D:\tool\nodejs\node.exe C:\Users\93098\AppData\Roaming\npm\node_modules\yarn\bin\yarn.js add bode-parser

PATH: 
  C:\Windows\system32;C:\Windows;C:\Windows\System32\Wbem;C:\Windows\System32\WindowsPowerShell\v1.0\;C:\Windows\System32\OpenSSH\;D:\tool\nodejs\;D:\tool\Git\cmd;C:\Program Files\MySQL\MySQL Server 5.5\bin;C:\Users\93098\AppData\Local\Microsoft\WindowsApps;;C:\Users\93098\AppData\Roaming\npm;D:\tool\Microsoft VS Code\bin

Yarn version: 
  1.22.4

Node version: 
  14.6.0

Platform: 
  win32 x64

Trace: 
  Error: https://registry.yarnpkg.com/bode-parser: Not found
      at Request.params.callback [as _callback] (C:\Users\93098\AppData\Roaming\npm\node_modules\yarn\lib\cli.js:66987:18)
      at Request.self.callback (C:\Users\93098\AppData\Roaming\npm\node_modules\yarn\lib\cli.js:140748:22)
      at Request.emit (events.js:314:20)
      at Request.<anonymous> (C:\Users\93098\AppData\Roaming\npm\node_modules\yarn\lib\cli.js:141720:10)
      at Request.emit (events.js:314:20)
      at IncomingMessage.<anonymous> (C:\Users\93098\AppData\Roaming\npm\node_modules\yarn\lib\cli.js:141642:12)
      at Object.onceWrapper (events.js:420:28)
      at IncomingMessage.emit (events.js:326:22)
      at endReadableNT (_stream_readable.js:1244:12)
      at processTicksAndRejections (internal/process/task_queues.js:80:21)

npm manifest: 
  {
    "name": "hsp",
    "version": "1.0.0",
    "description": "\"测试\"",
    "main": "index.js",
    "scripts": {
      "test": "echo \"Error: no test specified\" && exit 1"
    },
    "author": "",
    "license": "ISC"
  }

yarn manifest: 
  No manifest

Lockfile: 
  No lockfile
